{"code":"EADDRINUSE","errno":-4091,"syscall":"listen","address":"::","port":4000,"level":"error","message":"listen EADDRINUSE: address already in use :::4000 listen EADDRINUSE: address already in use :::4000","stack":"Error: listen EADDRINUSE: address already in use :::4000\n    at Server.setupListenHandle [as _listen2] (net.js:1320:16)\n    at listenInCluster (net.js:1368:12)\n    at Server.listen (net.js:1454:7)\n    at Function.listen (E:\\nodeProject\\vidly\\node_modules\\express\\lib\\application.js:618:24)\n    at Object.<anonymous> (E:\\nodeProject\\vidly\\index.js:47:5)\n    at Module._compile (internal/modules/cjs/loader.js:1085:14)\n    at Object.Module._extensions..js (internal/modules/cjs/loader.js:1114:10)\n    at Module.load (internal/modules/cjs/loader.js:950:32)\n    at Function.Module._load (internal/modules/cjs/loader.js:790:14)\n    at Function.executeUserEntryPoint [as runMain] (internal/modules/run_main.js:76:12)\n    at internal/main/run_main_module.js:17:47"}
{"level":"error","message":"dsad dsad","stack":"Error: dsad\n    at Object.<anonymous> (E:\\nodeProject\\vidly\\index.js:23:7)\n    at Module._compile (internal/modules/cjs/loader.js:1085:14)\n    at Object.Module._extensions..js (internal/modules/cjs/loader.js:1114:10)\n    at Module.load (internal/modules/cjs/loader.js:950:32)\n    at Function.Module._load (internal/modules/cjs/loader.js:790:14)\n    at Function.executeUserEntryPoint [as runMain] (internal/modules/run_main.js:76:12)\n    at internal/main/run_main_module.js:17:47"}
{"level":"error","message":"dsad dsad","stack":"Error: dsad\n    at Object.<anonymous> (E:\\nodeProject\\vidly\\index.js:23:7)\n    at Module._compile (internal/modules/cjs/loader.js:1085:14)\n    at Object.Module._extensions..js (internal/modules/cjs/loader.js:1114:10)\n    at Module.load (internal/modules/cjs/loader.js:950:32)\n    at Function.Module._load (internal/modules/cjs/loader.js:790:14)\n    at Function.executeUserEntryPoint [as runMain] (internal/modules/run_main.js:76:12)\n    at internal/main/run_main_module.js:17:47"}
{"code":"EADDRINUSE","errno":-4091,"syscall":"listen","address":"::","port":4000,"level":"error","message":"listen EADDRINUSE: address already in use :::4000 listen EADDRINUSE: address already in use :::4000","stack":"Error: listen EADDRINUSE: address already in use :::4000\n    at Server.setupListenHandle [as _listen2] (net.js:1320:16)\n    at listenInCluster (net.js:1368:12)\n    at Server.listen (net.js:1454:7)\n    at Function.listen (E:\\nodeProject\\vidly\\node_modules\\express\\lib\\application.js:618:24)\n    at Object.<anonymous> (E:\\nodeProject\\vidly\\index.js:47:5)\n    at Module._compile (internal/modules/cjs/loader.js:1085:14)\n    at Object.Module._extensions..js (internal/modules/cjs/loader.js:1114:10)\n    at Module.load (internal/modules/cjs/loader.js:950:32)\n    at Function.Module._load (internal/modules/cjs/loader.js:790:14)\n    at Function.executeUserEntryPoint [as runMain] (internal/modules/run_main.js:76:12)\n    at internal/main/run_main_module.js:17:47"}
{"code":"EADDRINUSE","errno":-4091,"syscall":"listen","address":"::","port":4000,"level":"error","message":"listen EADDRINUSE: address already in use :::4000 listen EADDRINUSE: address already in use :::4000","stack":"Error: listen EADDRINUSE: address already in use :::4000\n    at Server.setupListenHandle [as _listen2] (net.js:1320:16)\n    at listenInCluster (net.js:1368:12)\n    at Server.listen (net.js:1454:7)\n    at Function.listen (E:\\nodeProject\\vidly\\node_modules\\express\\lib\\application.js:618:24)\n    at Object.<anonymous> (E:\\nodeProject\\vidly\\index.js:55:5)\n    at Module._compile (internal/modules/cjs/loader.js:1085:14)\n    at Object.Module._extensions..js (internal/modules/cjs/loader.js:1114:10)\n    at Module.load (internal/modules/cjs/loader.js:950:32)\n    at Function.Module._load (internal/modules/cjs/loader.js:790:14)\n    at Function.executeUserEntryPoint [as runMain] (internal/modules/run_main.js:76:12)\n    at internal/main/run_main_module.js:17:47"}
{"code":"EADDRINUSE","errno":-4091,"syscall":"listen","address":"::","port":4000,"level":"error","message":"listen EADDRINUSE: address already in use :::4000 listen EADDRINUSE: address already in use :::4000","stack":"Error: listen EADDRINUSE: address already in use :::4000\n    at Server.setupListenHandle [as _listen2] (net.js:1320:16)\n    at listenInCluster (net.js:1368:12)\n    at Server.listen (net.js:1454:7)\n    at Function.listen (E:\\nodeProject\\vidly\\node_modules\\express\\lib\\application.js:618:24)\n    at Object.<anonymous> (E:\\nodeProject\\vidly\\index.js:54:5)\n    at Module._compile (internal/modules/cjs/loader.js:1085:14)\n    at Object.Module._extensions..js (internal/modules/cjs/loader.js:1114:10)\n    at Module.load (internal/modules/cjs/loader.js:950:32)\n    at Function.Module._load (internal/modules/cjs/loader.js:790:14)\n    at Function.executeUserEntryPoint [as runMain] (internal/modules/run_main.js:76:12)\n    at internal/main/run_main_module.js:17:47"}
{"code":"EADDRINUSE","errno":-4091,"syscall":"listen","address":"::","port":4000,"level":"error","message":"listen EADDRINUSE: address already in use :::4000 listen EADDRINUSE: address already in use :::4000","stack":"Error: listen EADDRINUSE: address already in use :::4000\n    at Server.setupListenHandle [as _listen2] (net.js:1320:16)\n    at listenInCluster (net.js:1368:12)\n    at Server.listen (net.js:1454:7)\n    at Function.listen (E:\\nodeProject\\vidly\\node_modules\\express\\lib\\application.js:618:24)\n    at Object.<anonymous> (E:\\nodeProject\\vidly\\index.js:54:5)\n    at Module._compile (internal/modules/cjs/loader.js:1085:14)\n    at Object.Module._extensions..js (internal/modules/cjs/loader.js:1114:10)\n    at Module.load (internal/modules/cjs/loader.js:950:32)\n    at Function.Module._load (internal/modules/cjs/loader.js:790:14)\n    at Function.executeUserEntryPoint [as runMain] (internal/modules/run_main.js:76:12)\n    at internal/main/run_main_module.js:17:47"}
{"code":"EADDRINUSE","errno":-4091,"syscall":"listen","address":"::","port":4000,"level":"error","message":"listen EADDRINUSE: address already in use :::4000 listen EADDRINUSE: address already in use :::4000","stack":"Error: listen EADDRINUSE: address already in use :::4000\n    at Server.setupListenHandle [as _listen2] (net.js:1320:16)\n    at listenInCluster (net.js:1368:12)\n    at Server.listen (net.js:1454:7)\n    at Function.listen (E:\\nodeProject\\vidly\\node_modules\\express\\lib\\application.js:618:24)\n    at Object.<anonymous> (E:\\nodeProject\\vidly\\index.js:54:5)\n    at Module._compile (internal/modules/cjs/loader.js:1085:14)\n    at Object.Module._extensions..js (internal/modules/cjs/loader.js:1114:10)\n    at Module.load (internal/modules/cjs/loader.js:950:32)\n    at Function.Module._load (internal/modules/cjs/loader.js:790:14)\n    at Function.executeUserEntryPoint [as runMain] (internal/modules/run_main.js:76:12)\n    at internal/main/run_main_module.js:17:47"}
{"code":"EADDRINUSE","errno":-4091,"syscall":"listen","address":"::","port":4000,"level":"error","message":"listen EADDRINUSE: address already in use :::4000 listen EADDRINUSE: address already in use :::4000","stack":"Error: listen EADDRINUSE: address already in use :::4000\n    at Server.setupListenHandle [as _listen2] (net.js:1320:16)\n    at listenInCluster (net.js:1368:12)\n    at Server.listen (net.js:1454:7)\n    at Function.listen (E:\\nodeProject\\vidly\\node_modules\\express\\lib\\application.js:618:24)\n    at Object.<anonymous> (E:\\nodeProject\\vidly\\index.js:54:5)\n    at Module._compile (internal/modules/cjs/loader.js:1085:14)\n    at Object.Module._extensions..js (internal/modules/cjs/loader.js:1114:10)\n    at Module.load (internal/modules/cjs/loader.js:950:32)\n    at Function.Module._load (internal/modules/cjs/loader.js:790:14)\n    at Function.executeUserEntryPoint [as runMain] (internal/modules/run_main.js:76:12)\n    at internal/main/run_main_module.js:17:47"}
{"code":"EADDRINUSE","errno":-4091,"syscall":"listen","address":"::","port":4000,"level":"error","message":"listen EADDRINUSE: address already in use :::4000 listen EADDRINUSE: address already in use :::4000","stack":"Error: listen EADDRINUSE: address already in use :::4000\n    at Server.setupListenHandle [as _listen2] (net.js:1320:16)\n    at listenInCluster (net.js:1368:12)\n    at Server.listen (net.js:1454:7)\n    at Function.listen (E:\\nodeProject\\vidly\\node_modules\\express\\lib\\application.js:618:24)\n    at Object.<anonymous> (E:\\nodeProject\\vidly\\index.js:53:5)\n    at Module._compile (internal/modules/cjs/loader.js:1085:14)\n    at Object.Module._extensions..js (internal/modules/cjs/loader.js:1114:10)\n    at Module.load (internal/modules/cjs/loader.js:950:32)\n    at Function.Module._load (internal/modules/cjs/loader.js:790:14)\n    at Function.executeUserEntryPoint [as runMain] (internal/modules/run_main.js:76:12)\n    at internal/main/run_main_module.js:17:47"}
{"code":"EADDRINUSE","errno":-4091,"syscall":"listen","address":"::","port":4000,"level":"error","message":"listen EADDRINUSE: address already in use :::4000 listen EADDRINUSE: address already in use :::4000","stack":"Error: listen EADDRINUSE: address already in use :::4000\n    at Server.setupListenHandle [as _listen2] (net.js:1320:16)\n    at listenInCluster (net.js:1368:12)\n    at Server.listen (net.js:1454:7)\n    at Function.listen (E:\\nodeProject\\vidly\\node_modules\\express\\lib\\application.js:618:24)\n    at Object.<anonymous> (E:\\nodeProject\\vidly\\index.js:53:5)\n    at Module._compile (internal/modules/cjs/loader.js:1085:14)\n    at Object.Module._extensions..js (internal/modules/cjs/loader.js:1114:10)\n    at Module.load (internal/modules/cjs/loader.js:950:32)\n    at Function.Module._load (internal/modules/cjs/loader.js:790:14)\n    at Function.executeUserEntryPoint [as runMain] (internal/modules/run_main.js:76:12)\n    at internal/main/run_main_module.js:17:47"}
{"code":"EADDRINUSE","errno":-4091,"syscall":"listen","address":"::","port":4000,"level":"error","message":"listen EADDRINUSE: address already in use :::4000 listen EADDRINUSE: address already in use :::4000","stack":"Error: listen EADDRINUSE: address already in use :::4000\n    at Server.setupListenHandle [as _listen2] (net.js:1320:16)\n    at listenInCluster (net.js:1368:12)\n    at Server.listen (net.js:1454:7)\n    at Function.listen (E:\\nodeProject\\vidly\\node_modules\\express\\lib\\application.js:618:24)\n    at Object.<anonymous> (E:\\nodeProject\\vidly\\index.js:36:5)\n    at Module._compile (internal/modules/cjs/loader.js:1085:14)\n    at Object.Module._extensions..js (internal/modules/cjs/loader.js:1114:10)\n    at Module.load (internal/modules/cjs/loader.js:950:32)\n    at Function.Module._load (internal/modules/cjs/loader.js:790:14)\n    at Function.executeUserEntryPoint [as runMain] (internal/modules/run_main.js:76:12)\n    at internal/main/run_main_module.js:17:47"}
{"code":"EADDRINUSE","errno":-4091,"syscall":"listen","address":"::","port":4000,"level":"error","message":"listen EADDRINUSE: address already in use :::4000 listen EADDRINUSE: address already in use :::4000","stack":"Error: listen EADDRINUSE: address already in use :::4000\n    at Server.setupListenHandle [as _listen2] (net.js:1320:16)\n    at listenInCluster (net.js:1368:12)\n    at Server.listen (net.js:1454:7)\n    at Function.listen (E:\\nodeProject\\vidly\\node_modules\\express\\lib\\application.js:618:24)\n    at Object.<anonymous> (E:\\nodeProject\\vidly\\index.js:36:5)\n    at Module._compile (internal/modules/cjs/loader.js:1085:14)\n    at Object.Module._extensions..js (internal/modules/cjs/loader.js:1114:10)\n    at Module.load (internal/modules/cjs/loader.js:950:32)\n    at Function.Module._load (internal/modules/cjs/loader.js:790:14)\n    at Function.executeUserEntryPoint [as runMain] (internal/modules/run_main.js:76:12)\n    at internal/main/run_main_module.js:17:47"}
{"code":"EADDRINUSE","errno":-4091,"syscall":"listen","address":"::","port":4000,"level":"error","message":"listen EADDRINUSE: address already in use :::4000 listen EADDRINUSE: address already in use :::4000","stack":"Error: listen EADDRINUSE: address already in use :::4000\n    at Server.setupListenHandle [as _listen2] (net.js:1320:16)\n    at listenInCluster (net.js:1368:12)\n    at Server.listen (net.js:1454:7)\n    at Function.listen (E:\\nodeProject\\vidly\\node_modules\\express\\lib\\application.js:618:24)\n    at Object.<anonymous> (E:\\nodeProject\\vidly\\index.js:36:5)\n    at Module._compile (internal/modules/cjs/loader.js:1085:14)\n    at Object.Module._extensions..js (internal/modules/cjs/loader.js:1114:10)\n    at Module.load (internal/modules/cjs/loader.js:950:32)\n    at Function.Module._load (internal/modules/cjs/loader.js:790:14)\n    at Function.executeUserEntryPoint [as runMain] (internal/modules/run_main.js:76:12)\n    at internal/main/run_main_module.js:17:47"}
{"message":"Connected to MongoDB...","level":"info"}
{"code":"EADDRINUSE","errno":-4091,"syscall":"listen","address":"::","port":4000,"level":"error","message":"listen EADDRINUSE: address already in use :::4000 listen EADDRINUSE: address already in use :::4000","stack":"Error: listen EADDRINUSE: address already in use :::4000\n    at Server.setupListenHandle [as _listen2] (net.js:1320:16)\n    at listenInCluster (net.js:1368:12)\n    at Server.listen (net.js:1454:7)\n    at Function.listen (E:\\nodeProject\\vidly\\node_modules\\express\\lib\\application.js:618:24)\n    at Object.<anonymous> (E:\\nodeProject\\vidly\\index.js:32:5)\n    at Module._compile (internal/modules/cjs/loader.js:1085:14)\n    at Object.Module._extensions..js (internal/modules/cjs/loader.js:1114:10)\n    at Module.load (internal/modules/cjs/loader.js:950:32)\n    at Function.Module._load (internal/modules/cjs/loader.js:790:14)\n    at Function.executeUserEntryPoint [as runMain] (internal/modules/run_main.js:76:12)\n    at internal/main/run_main_module.js:17:47"}
{"message":"Connected to MongoDB...","level":"info"}
{"code":"EADDRINUSE","errno":-4091,"syscall":"listen","address":"::","port":4000,"level":"error","message":"listen EADDRINUSE: address already in use :::4000 listen EADDRINUSE: address already in use :::4000","stack":"Error: listen EADDRINUSE: address already in use :::4000\n    at Server.setupListenHandle [as _listen2] (net.js:1320:16)\n    at listenInCluster (net.js:1368:12)\n    at Server.listen (net.js:1454:7)\n    at Function.listen (E:\\nodeProject\\vidly\\node_modules\\express\\lib\\application.js:618:24)\n    at Object.<anonymous> (E:\\nodeProject\\vidly\\index.js:31:5)\n    at Module._compile (internal/modules/cjs/loader.js:1085:14)\n    at Object.Module._extensions..js (internal/modules/cjs/loader.js:1114:10)\n    at Module.load (internal/modules/cjs/loader.js:950:32)\n    at Function.Module._load (internal/modules/cjs/loader.js:790:14)\n    at Function.executeUserEntryPoint [as runMain] (internal/modules/run_main.js:76:12)\n    at internal/main/run_main_module.js:17:47"}
{"message":"Connected to MongoDB...","level":"info"}
{"code":"EADDRINUSE","errno":-4091,"syscall":"listen","address":"::","port":4000,"level":"error","message":"listen EADDRINUSE: address already in use :::4000 listen EADDRINUSE: address already in use :::4000","stack":"Error: listen EADDRINUSE: address already in use :::4000\n    at Server.setupListenHandle [as _listen2] (net.js:1320:16)\n    at listenInCluster (net.js:1368:12)\n    at Server.listen (net.js:1454:7)\n    at Function.listen (E:\\nodeProject\\vidly\\node_modules\\express\\lib\\application.js:618:24)\n    at Object.<anonymous> (E:\\nodeProject\\vidly\\index.js:31:5)\n    at Module._compile (internal/modules/cjs/loader.js:1085:14)\n    at Object.Module._extensions..js (internal/modules/cjs/loader.js:1114:10)\n    at Module.load (internal/modules/cjs/loader.js:950:32)\n    at Function.Module._load (internal/modules/cjs/loader.js:790:14)\n    at Function.executeUserEntryPoint [as runMain] (internal/modules/run_main.js:76:12)\n    at internal/main/run_main_module.js:17:47"}
{"message":"Connected to MongoDB...","level":"info"}
{"code":"EADDRINUSE","errno":-4091,"syscall":"listen","address":"::","port":4000,"level":"error","message":"listen EADDRINUSE: address already in use :::4000 listen EADDRINUSE: address already in use :::4000","stack":"Error: listen EADDRINUSE: address already in use :::4000\n    at Server.setupListenHandle [as _listen2] (net.js:1320:16)\n    at listenInCluster (net.js:1368:12)\n    at Server.listen (net.js:1454:7)\n    at Function.listen (E:\\nodeProject\\vidly\\node_modules\\express\\lib\\application.js:618:24)\n    at Object.<anonymous> (E:\\nodeProject\\vidly\\index.js:20:5)\n    at Module._compile (internal/modules/cjs/loader.js:1085:14)\n    at Object.Module._extensions..js (internal/modules/cjs/loader.js:1114:10)\n    at Module.load (internal/modules/cjs/loader.js:950:32)\n    at Function.Module._load (internal/modules/cjs/loader.js:790:14)\n    at Function.executeUserEntryPoint [as runMain] (internal/modules/run_main.js:76:12)\n    at internal/main/run_main_module.js:17:47"}
{"code":"EADDRINUSE","errno":-4091,"syscall":"listen","address":"::","port":4000,"level":"error","message":"listen EADDRINUSE: address already in use :::4000 listen EADDRINUSE: address already in use :::4000","stack":"Error: listen EADDRINUSE: address already in use :::4000\n    at Server.setupListenHandle [as _listen2] (net.js:1320:16)\n    at listenInCluster (net.js:1368:12)\n    at Server.listen (net.js:1454:7)\n    at Function.listen (E:\\nodeProject\\vidly\\node_modules\\express\\lib\\application.js:618:24)\n    at Object.<anonymous> (E:\\nodeProject\\vidly\\index.js:20:5)\n    at Module._compile (internal/modules/cjs/loader.js:1085:14)\n    at Object.Module._extensions..js (internal/modules/cjs/loader.js:1114:10)\n    at Module.load (internal/modules/cjs/loader.js:950:32)\n    at Function.Module._load (internal/modules/cjs/loader.js:790:14)\n    at Function.executeUserEntryPoint [as runMain] (internal/modules/run_main.js:76:12)\n    at internal/main/run_main_module.js:17:47"}
{"message":"Connected to MongoDB...","level":"info"}
{"code":"EADDRINUSE","errno":-4091,"syscall":"listen","address":"::","port":4000,"level":"error","message":"listen EADDRINUSE: address already in use :::4000 listen EADDRINUSE: address already in use :::4000","stack":"Error: listen EADDRINUSE: address already in use :::4000\n    at Server.setupListenHandle [as _listen2] (net.js:1320:16)\n    at listenInCluster (net.js:1368:12)\n    at Server.listen (net.js:1454:7)\n    at Function.listen (E:\\nodeProject\\vidly\\node_modules\\express\\lib\\application.js:618:24)\n    at Object.<anonymous> (E:\\nodeProject\\vidly\\index.js:12:5)\n    at Module._compile (internal/modules/cjs/loader.js:1085:14)\n    at Object.Module._extensions..js (internal/modules/cjs/loader.js:1114:10)\n    at Module.load (internal/modules/cjs/loader.js:950:32)\n    at Function.Module._load (internal/modules/cjs/loader.js:790:14)\n    at Function.executeUserEntryPoint [as runMain] (internal/modules/run_main.js:76:12)\n    at internal/main/run_main_module.js:17:47"}
{"message":"Listening on port 4000...","level":"info"}
{"message":"Connected to mongodb://localhost/vidly...","level":"info"}
{"message":"Connected to mongodb://localhost/vidly...","level":"info"}
{"message":"Listening on port 4000...","level":"info"}
{"message":"Connected to mongodb://localhost/vidly...","level":"info"}
{"message":"Listening on port 4000...","level":"info"}
{"message":"Connected to mongodb://localhost/vidly...","level":"info"}
{"message":"Listening on port 4000...","level":"info"}
{"message":"Connected to mongodb://localhost/vidly...","level":"info"}
{"message":"Listening on port 4000...","level":"info"}
{"message":"Connected to mongodb://localhost/vidly_tests...","level":"info"}
{"message":"Listening on port 4000...","level":"info"}
{"message":"Connected to mongodb://localhost/vidly_tests...","level":"info"}
{"message":"Listening on port 4000...","level":"info"}
{"message":"Connected to mongodb://localhost/vidly_tests...","level":"info"}
{"message":"Listening on port 4000...","level":"info"}
{"message":"Connected to mongodb://localhost/vidly...","level":"info"}
{"message":"Listening on port 4000...","level":"info"}
{"message":"Connected to mongodb://localhost/vidly_tests...","level":"info"}
{"message":"Listening on port 4000...","level":"info"}
{"message":"Connected to mongodb://localhost/vidly_tests...","level":"info"}
{"message":"Listening on port 4000...","level":"info"}
{"message":"Connected to mongodb://localhost/vidly_tests...","level":"info"}
{"message":"Listening on port 4000...","level":"info"}
{"message":"Connected to mongodb://localhost/vidly_tests...","level":"info"}
{"message":"Listening on port 4000...","level":"info"}
{"message":"Connected to mongodb://localhost/vidly...","level":"info"}
{"message":"Listening on port 4000...","level":"info"}
{"message":"Connected to mongodb://localhost/vidly_tests...","level":"info"}
{"message":"Listening on port 4000...","level":"info"}
{"message":"Connected to mongodb://localhost/vidly_tests...","level":"info"}
{"message":"Listening on port 4000...","level":"info"}
{"message":"Connected to mongodb://localhost/vidly_tests...","level":"info"}
{"message":"Listening on port 4000...","level":"info"}
{"message":"Connected to mongodb://localhost/vidly_tests...","level":"info"}
{"message":"Listening on port 4000...","level":"info"}
{"message":"Connected to mongodb://localhost/vidly_tests...","level":"info"}
{"message":"Listening on port 4000...","level":"info"}
{"message":"Connected to mongodb://localhost/vidly_tests...","level":"info"}
{"message":"Listening on port 4000...","level":"info"}
{"message":"Connected to mongodb://localhost/vidly...","level":"info"}
{"message":"Listening on port 4000...","level":"info"}
{"message":"Connected to mongodb://localhost/vidly...","level":"info"}
{"message":"Listening on port 4000...","level":"info"}
{"message":"Connected to mongodb://localhost/vidly...","level":"info"}
{"message":"Listening on port 4000...","level":"info"}
{"message":"Connected to mongodb://localhost/vidly...","level":"info"}
{"message":"Listening on port 4000...","level":"info"}
{"message":"Connected to mongodb://localhost/vidly...","level":"info"}
{"message":"Listening on port 4000...","level":"info"}
{"message":"Connected to mongodb://localhost/vidly...","level":"info"}
{"message":"Listening on port 4000...","level":"info"}
{"message":"Connected to mongodb://localhost/vidly...","level":"info"}
{"message":"Listening on port 4000...","level":"info"}
{"message":"Connected to mongodb://localhost/vidly...","level":"info"}
{"message":"Listening on port 4000...","level":"info"}
{"message":"Connected to mongodb://localhost/vidly...","level":"info"}
{"message":"Listening on port 4000...","level":"info"}
{"message":"Connected to mongodb://localhost/vidly...","level":"info"}
{"message":"Listening on port 4000...","level":"info"}
{"message":"Connected to mongodb://localhost/vidly...","level":"info"}
{"message":"Listening on port 4000...","level":"info"}
{"message":"Connected to mongodb://localhost/vidly...","level":"info"}
{"message":"Listening on port 4000...","level":"info"}
{"message":"Connected to mongodb://localhost/vidly...","level":"info"}
{"message":"Listening on port 4000...","level":"info"}
{"message":"Connected to mongodb://localhost/vidly...","level":"info"}
{"level":"error","message":"Cannot parse config file: 'E:\\nodeProject\\vidly\\config\\custom-environment-variables.json': SyntaxError: Unexpected end of JSON input Cannot parse config file: 'E:\\nodeProject\\vidly\\config\\custom-environment-variables.json': SyntaxError: Unexpected end of JSON input","stack":"Error: Cannot parse config file: 'E:\\nodeProject\\vidly\\config\\custom-environment-variables.json': SyntaxError: Unexpected end of JSON input\n    at Config.util.parseFile (E:\\nodeProject\\vidly\\node_modules\\config\\lib\\config.js:844:11)\n    at E:\\nodeProject\\vidly\\node_modules\\config\\lib\\config.js:1134:26\n    at Array.forEach (<anonymous>)\n    at Config.util.getCustomEnvVars (E:\\nodeProject\\vidly\\node_modules\\config\\lib\\config.js:1133:16)\n    at Config.util.loadFileConfigs (E:\\nodeProject\\vidly\\node_modules\\config\\lib\\config.js:693:28)\n    at new Config (E:\\nodeProject\\vidly\\node_modules\\config\\lib\\config.js:116:27)\n    at Object.<anonymous> (E:\\nodeProject\\vidly\\node_modules\\config\\lib\\config.js:1492:31)\n    at Module._compile (internal/modules/cjs/loader.js:1085:14)\n    at Object.Module._extensions..js (internal/modules/cjs/loader.js:1114:10)\n    at Module.load (internal/modules/cjs/loader.js:950:32)\n    at Function.Module._load (internal/modules/cjs/loader.js:790:14)\n    at Module.require (internal/modules/cjs/loader.js:974:19)\n    at require (internal/modules/cjs/helpers.js:92:18)\n    at Object.<anonymous> (E:\\nodeProject\\vidly\\middleware\\auth.js:2:16)\n    at Module._compile (internal/modules/cjs/loader.js:1085:14)\n    at Object.Module._extensions..js (internal/modules/cjs/loader.js:1114:10)"}
{"level":"error","message":"FATAL ERROR: jwtPrivateKey is not defined FATAL ERROR: jwtPrivateKey is not defined","stack":"Error: FATAL ERROR: jwtPrivateKey is not defined\n    at module.exports (E:\\nodeProject\\vidly\\startup\\config.js:8:15)\n    at Object.<anonymous> (E:\\nodeProject\\vidly\\index.js:7:28)\n    at Module._compile (internal/modules/cjs/loader.js:1085:14)\n    at Object.Module._extensions..js (internal/modules/cjs/loader.js:1114:10)\n    at Module.load (internal/modules/cjs/loader.js:950:32)\n    at Function.Module._load (internal/modules/cjs/loader.js:790:14)\n    at Function.executeUserEntryPoint [as runMain] (internal/modules/run_main.js:76:12)\n    at internal/main/run_main_module.js:17:47"}
{"message":"Connected to mongodb://localhost/vidly...","level":"info"}
{"level":"error","message":"FATAL ERROR: jwtPrivateKey is not defined FATAL ERROR: jwtPrivateKey is not defined","stack":"Error: FATAL ERROR: jwtPrivateKey is not defined\n    at module.exports (E:\\nodeProject\\vidly\\startup\\config.js:8:15)\n    at Object.<anonymous> (E:\\nodeProject\\vidly\\index.js:7:28)\n    at Module._compile (internal/modules/cjs/loader.js:1085:14)\n    at Object.Module._extensions..js (internal/modules/cjs/loader.js:1114:10)\n    at Module.load (internal/modules/cjs/loader.js:950:32)\n    at Function.Module._load (internal/modules/cjs/loader.js:790:14)\n    at Function.executeUserEntryPoint [as runMain] (internal/modules/run_main.js:76:12)\n    at internal/main/run_main_module.js:17:47"}
{"message":"Connected to mongodb://localhost/vidly...","level":"info"}
{"message":"Listening on port 4000...","level":"info"}
{"message":"Connected to mongodb://localhost/vidly...","level":"info"}
{"message":"Listening on port 4000...","level":"info"}
{"message":"Connected to mongodb://localhost/vidly...","level":"info"}
{"level":"error","message":"FATAL ERROR: jwtPrivateKey is not defined FATAL ERROR: jwtPrivateKey is not defined","stack":"Error: FATAL ERROR: jwtPrivateKey is not defined\n    at module.exports (E:\\nodeProject\\vidly\\startup\\config.js:8:15)\n    at Object.<anonymous> (E:\\nodeProject\\vidly\\index.js:7:28)\n    at Module._compile (internal/modules/cjs/loader.js:1085:14)\n    at Object.Module._extensions..js (internal/modules/cjs/loader.js:1114:10)\n    at Module.load (internal/modules/cjs/loader.js:950:32)\n    at Function.Module._load (internal/modules/cjs/loader.js:790:14)\n    at Function.executeUserEntryPoint [as runMain] (internal/modules/run_main.js:76:12)\n    at internal/main/run_main_module.js:17:47"}
{"message":"Connected to mongodb://localhost/vidly...","level":"info"}
{"message":"Listening on port 4000...","level":"info"}
{"message":"Connected to mongodb://localhost/vidly...","level":"info"}
{"message":"Listening on port 4000...","level":"info"}
{"message":"Connected to mongodb://localhost/vidly...","level":"info"}
{"message":"Listening on port 4000...","level":"info"}
{"message":"Connected to mongodb://localhost/vidly...","level":"info"}
{"message":"Listening on port 4000...","level":"info"}
{"message":"Connected to mongodb://localhost/vidly...","level":"info"}
{"message":"Listening on port 4000...","level":"info"}
{"message":"Connected to mongodb://localhost/vidly...","level":"info"}
{"message":"Listening on port 4000...","level":"info"}
{"message":"Connected to mongodb://localhost/vidly...","level":"info"}
{"message":"Listening on port 4000...","level":"info"}
{"message":"Connected to mongodb://localhost/vidly...","level":"info"}
{"message":"Listening on port 4000...","level":"info"}
{"message":"Connected to mongodb://localhost/vidly...","level":"info"}
{"level":"error","message":"requrie is not defined requrie is not defined","stack":"ReferenceError: requrie is not defined\n    at Object.<anonymous> (E:\\nodeProject\\vidly\\routes\\movies.js:5:16)\n    at Module._compile (internal/modules/cjs/loader.js:1085:14)\n    at Object.Module._extensions..js (internal/modules/cjs/loader.js:1114:10)\n    at Module.load (internal/modules/cjs/loader.js:950:32)\n    at Function.Module._load (internal/modules/cjs/loader.js:790:14)\n    at Module.require (internal/modules/cjs/loader.js:974:19)\n    at require (internal/modules/cjs/helpers.js:92:18)\n    at Object.<anonymous> (E:\\nodeProject\\vidly\\startup\\routes.js:6:16)\n    at Module._compile (internal/modules/cjs/loader.js:1085:14)\n    at Object.Module._extensions..js (internal/modules/cjs/loader.js:1114:10)\n    at Module.load (internal/modules/cjs/loader.js:950:32)\n    at Function.Module._load (internal/modules/cjs/loader.js:790:14)\n    at Module.require (internal/modules/cjs/loader.js:974:19)\n    at require (internal/modules/cjs/helpers.js:92:18)\n    at Object.<anonymous> (E:\\nodeProject\\vidly\\index.js:5:1)\n    at Module._compile (internal/modules/cjs/loader.js:1085:14)"}
{"message":"Listening on port 4000...","level":"info"}
{"message":"Connected to mongodb://localhost/vidly...","level":"info"}
{"level":"error","message":"Converting circular structure to JSON\n    --> starting at object with constructor 'NativeTopology'\n    |     property 's' -> object with constructor 'Object'\n    |     property 'sessionPool' -> object with constructor 'ServerSessionPool'\n    --- property 'topology' closes the circle Converting circular structure to JSON\n    --> starting at object with constructor 'NativeTopology'\n    |     property 's' -> object with constructor 'Object'\n    |     property 'sessionPool' -> object with constructor 'ServerSessionPool'\n    --- property 'topology' closes the circle","stack":"TypeError: Converting circular structure to JSON\n    --> starting at object with constructor 'NativeTopology'\n    |     property 's' -> object with constructor 'Object'\n    |     property 'sessionPool' -> object with constructor 'ServerSessionPool'\n    --- property 'topology' closes the circle\n    at JSON.stringify (<anonymous>)\n    at stringify (E:\\nodeProject\\vidly\\node_modules\\express\\lib\\response.js:1123:12)\n    at ServerResponse.json (E:\\nodeProject\\vidly\\node_modules\\express\\lib\\response.js:260:14)\n    at ServerResponse.send (E:\\nodeProject\\vidly\\node_modules\\express\\lib\\response.js:158:21)\n    at E:\\nodeProject\\vidly\\routes\\users.js:10:9\n    at Layer.handle [as handle_request] (E:\\nodeProject\\vidly\\node_modules\\express\\lib\\router\\layer.js:95:5)\n    at next (E:\\nodeProject\\vidly\\node_modules\\express\\lib\\router\\route.js:137:13)\n    at auth (E:\\nodeProject\\vidly\\middleware\\auth.js:13:9)\n    at Layer.handle [as handle_request] (E:\\nodeProject\\vidly\\node_modules\\express\\lib\\router\\layer.js:95:5)\n    at next (E:\\nodeProject\\vidly\\node_modules\\express\\lib\\router\\route.js:137:13)\n    at Route.dispatch (E:\\nodeProject\\vidly\\node_modules\\express\\lib\\router\\route.js:112:3)\n    at Layer.handle [as handle_request] (E:\\nodeProject\\vidly\\node_modules\\express\\lib\\router\\layer.js:95:5)\n    at E:\\nodeProject\\vidly\\node_modules\\express\\lib\\router\\index.js:281:22\n    at Function.process_params (E:\\nodeProject\\vidly\\node_modules\\express\\lib\\router\\index.js:335:12)\n    at next (E:\\nodeProject\\vidly\\node_modules\\express\\lib\\router\\index.js:275:10)\n    at Function.handle (E:\\nodeProject\\vidly\\node_modules\\express\\lib\\router\\index.js:174:3)\n    at router (E:\\nodeProject\\vidly\\node_modules\\express\\lib\\router\\index.js:47:12)\n    at Layer.handle [as handle_request] (E:\\nodeProject\\vidly\\node_modules\\express\\lib\\router\\layer.js:95:5)\n    at trim_prefix (E:\\nodeProject\\vidly\\node_modules\\express\\lib\\router\\index.js:317:13)\n    at E:\\nodeProject\\vidly\\node_modules\\express\\lib\\router\\index.js:284:7\n    at Function.process_params (E:\\nodeProject\\vidly\\node_modules\\express\\lib\\router\\index.js:335:12)\n    at next (E:\\nodeProject\\vidly\\node_modules\\express\\lib\\router\\index.js:275:10)"}
{"message":"Listening on port 4000...","level":"info"}
{"message":"Connected to mongodb://localhost/vidly...","level":"info"}
{"message":"Listening on port 4000...","level":"info"}
{"message":"Connected to mongodb://localhost/vidly...","level":"info"}
{"level":"error","message":"Cannot read property 'path' of undefined Cannot read property 'path' of undefined","stack":"TypeError: Cannot read property 'path' of undefined\n    at E:\\nodeProject\\vidly\\routes\\movies.js:45:24\n    at Layer.handle [as handle_request] (E:\\nodeProject\\vidly\\node_modules\\express\\lib\\router\\layer.js:95:5)\n    at next (E:\\nodeProject\\vidly\\node_modules\\express\\lib\\router\\route.js:137:13)\n    at Array.<anonymous> (E:\\nodeProject\\vidly\\node_modules\\multer\\lib\\make-middleware.js:53:37)\n    at listener (E:\\nodeProject\\vidly\\node_modules\\on-finished\\index.js:169:15)\n    at onFinish (E:\\nodeProject\\vidly\\node_modules\\on-finished\\index.js:100:5)\n    at callback (E:\\nodeProject\\vidly\\node_modules\\ee-first\\index.js:55:10)\n    at IncomingMessage.onevent (E:\\nodeProject\\vidly\\node_modules\\ee-first\\index.js:93:5)\n    at IncomingMessage.emit (events.js:387:35)\n    at endReadableNT (internal/streams/readable.js:1317:12)\n    at processTicksAndRejections (internal/process/task_queues.js:82:21)"}
{"message":"Listening on port 4000...","level":"info"}
{"message":"Connected to mongodb://localhost/vidly...","level":"info"}
{"message":"Listening on port 4000...","level":"info"}
{"message":"Connected to mongodb://localhost/vidly...","level":"info"}
{"message":"Listening on port 4000...","level":"info"}
{"message":"Connected to mongodb://localhost/vidly...","level":"info"}
{"message":"Listening on port 4000...","level":"info"}
{"message":"Connected to mongodb://localhost/vidly...","level":"info"}
{"level":"error","message":"Unexpected token ';' Unexpected token ';'","stack":"E:\\nodeProject\\vidly\\routes\\movies.js:45\n        Poster: req.poster.map((fileName) => ({ fileName: fileName }));,\n                                                                      ^\n\nSyntaxError: Unexpected token ';'\n    at wrapSafe (internal/modules/cjs/loader.js:1001:16)\n    at Module._compile (internal/modules/cjs/loader.js:1049:27)\n    at Object.Module._extensions..js (internal/modules/cjs/loader.js:1114:10)\n    at Module.load (internal/modules/cjs/loader.js:950:32)\n    at Function.Module._load (internal/modules/cjs/loader.js:790:14)\n    at Module.require (internal/modules/cjs/loader.js:974:19)\n    at require (internal/modules/cjs/helpers.js:92:18)\n    at Object.<anonymous> (E:\\nodeProject\\vidly\\startup\\routes.js:6:16)\n    at Module._compile (internal/modules/cjs/loader.js:1085:14)\n    at Object.Module._extensions..js (internal/modules/cjs/loader.js:1114:10)\n    at Module.load (internal/modules/cjs/loader.js:950:32)\n    at Function.Module._load (internal/modules/cjs/loader.js:790:14)\n    at Module.require (internal/modules/cjs/loader.js:974:19)\n    at require (internal/modules/cjs/helpers.js:92:18)\n    at Object.<anonymous> (E:\\nodeProject\\vidly\\index.js:5:1)\n    at Module._compile (internal/modules/cjs/loader.js:1085:14)"}
{"level":"error","message":"Unexpected token ';' Unexpected token ';'","stack":"E:\\nodeProject\\vidly\\routes\\movies.js:45\n        Poster: req.Poster.map((fileName) => ({ fileName: fileName }));,\n                                                                      ^\n\nSyntaxError: Unexpected token ';'\n    at wrapSafe (internal/modules/cjs/loader.js:1001:16)\n    at Module._compile (internal/modules/cjs/loader.js:1049:27)\n    at Object.Module._extensions..js (internal/modules/cjs/loader.js:1114:10)\n    at Module.load (internal/modules/cjs/loader.js:950:32)\n    at Function.Module._load (internal/modules/cjs/loader.js:790:14)\n    at Module.require (internal/modules/cjs/loader.js:974:19)\n    at require (internal/modules/cjs/helpers.js:92:18)\n    at Object.<anonymous> (E:\\nodeProject\\vidly\\startup\\routes.js:6:16)\n    at Module._compile (internal/modules/cjs/loader.js:1085:14)\n    at Object.Module._extensions..js (internal/modules/cjs/loader.js:1114:10)\n    at Module.load (internal/modules/cjs/loader.js:950:32)\n    at Function.Module._load (internal/modules/cjs/loader.js:790:14)\n    at Module.require (internal/modules/cjs/loader.js:974:19)\n    at require (internal/modules/cjs/helpers.js:92:18)\n    at Object.<anonymous> (E:\\nodeProject\\vidly\\index.js:5:1)\n    at Module._compile (internal/modules/cjs/loader.js:1085:14)"}
{"message":"Listening on port 4000...","level":"info"}
{"message":"Connected to mongodb://localhost/vidly...","level":"info"}
{"message":"Listening on port 4000...","level":"info"}
{"message":"Connected to mongodb://localhost/vidly...","level":"info"}
{"message":"Listening on port 4000...","level":"info"}
{"message":"Connected to mongodb://localhost/vidly...","level":"info"}
{"message":"Listening on port 4000...","level":"info"}
{"message":"Connected to mongodb://localhost/vidly...","level":"info"}
{"message":"Listening on port 4000...","level":"info"}
{"message":"Connected to mongodb://localhost/vidly...","level":"info"}
{"message":"Listening on port 4000...","level":"info"}
{"message":"Connected to mongodb://localhost/vidly...","level":"info"}
{"message":"Listening on port 4000...","level":"info"}
{"message":"Connected to mongodb://localhost/vidly...","level":"info"}
{"message":"Listening on port 4000...","level":"info"}
{"message":"Connected to mongodb://localhost/vidly...","level":"info"}
{"message":"Listening on port 4000...","level":"info"}
{"message":"Connected to mongodb://localhost/vidly...","level":"info"}
{"message":"Listening on port 4000...","level":"info"}
{"message":"Connected to mongodb://localhost/vidly...","level":"info"}
{"message":"Listening on port 4000...","level":"info"}
{"message":"Connected to mongodb://localhost/vidly...","level":"info"}
{"message":"Listening on port 4000...","level":"info"}
{"message":"Connected to mongodb://localhost/vidly...","level":"info"}
{"message":"Listening on port 4000...","level":"info"}
{"message":"Connected to mongodb://localhost/vidly...","level":"info"}
{"message":"Listening on port 4000...","level":"info"}
{"message":"Connected to mongodb://localhost/vidly...","level":"info"}
